pip version: pip 23.0.1 from /usr/local/lib/python3.10/site-packages/pip (python 3.10)
sys.version: 3.10.15 (main, Sep 27 2024, 21:49:19) [GCC 12.2.0]
sys.executable: /usr/local/bin/python3.10
sys.getdefaultencoding: utf-8
sys.getfilesystemencoding: utf-8
locale.getpreferredencoding: UTF-8
sys.platform: linux
sys.implementation:
  name: cpython
'cert' config value: Not specified
REQUESTS_CA_BUNDLE: None
CURL_CA_BUNDLE: None
pip._vendor.certifi.where(): /usr/local/lib/python3.10/site-packages/pip/_vendor/certifi/cacert.pem
pip._vendor.DEBUNDLED: False
vendored library versions:
  CacheControl==0.12.11
  colorama==0.4.6
  distlib==0.3.6
  distro==1.8.0
  msgpack==1.0.4
  packaging==21.3
  platformdirs==2.6.2
  pyparsing==3.0.9
  pyproject-hooks==1.0.0
  requests==2.28.2
  certifi==2022.12.07
  chardet==5.1.0
  idna==3.4
  urllib3==1.26.14
  rich==12.6.0 (Unable to locate actual module version, using vendor.txt specified version)
  pygments==2.13.0
  typing_extensions==4.4.0 (Unable to locate actual module version, using vendor.txt specified version)
  resolvelib==0.8.1
  setuptools==44.0.0 (Unable to locate actual module version, using vendor.txt specified version)
  six==1.16.0
  tenacity==8.1.0 (Unable to locate actual module version, using vendor.txt specified version)
  tomli==2.0.1
  webencodings==0.5.1 (Unable to locate actual module version, using vendor.txt specified version)
Compatible tags: 519
  cp310-cp310-manylinux_2_36_aarch64
  cp310-cp310-manylinux_2_35_aarch64
  cp310-cp310-manylinux_2_34_aarch64
  cp310-cp310-manylinux_2_33_aarch64
  cp310-cp310-manylinux_2_32_aarch64
  cp310-cp310-manylinux_2_31_aarch64
  cp310-cp310-manylinux_2_30_aarch64
  cp310-cp310-manylinux_2_29_aarch64
  cp310-cp310-manylinux_2_28_aarch64
  cp310-cp310-manylinux_2_27_aarch64
  cp310-cp310-manylinux_2_26_aarch64
  cp310-cp310-manylinux_2_25_aarch64
  cp310-cp310-manylinux_2_24_aarch64
  cp310-cp310-manylinux_2_23_aarch64
  cp310-cp310-manylinux_2_22_aarch64
  cp310-cp310-manylinux_2_21_aarch64
  cp310-cp310-manylinux_2_20_aarch64
  cp310-cp310-manylinux_2_19_aarch64
  cp310-cp310-manylinux_2_18_aarch64
  cp310-cp310-manylinux_2_17_aarch64
  cp310-cp310-manylinux2014_aarch64
  cp310-cp310-linux_aarch64
  cp310-abi3-manylinux_2_36_aarch64
  cp310-abi3-manylinux_2_35_aarch64
  cp310-abi3-manylinux_2_34_aarch64
  cp310-abi3-manylinux_2_33_aarch64
  cp310-abi3-manylinux_2_32_aarch64
  cp310-abi3-manylinux_2_31_aarch64
  cp310-abi3-manylinux_2_30_aarch64
  cp310-abi3-manylinux_2_29_aarch64
  cp310-abi3-manylinux_2_28_aarch64
  cp310-abi3-manylinux_2_27_aarch64
  cp310-abi3-manylinux_2_26_aarch64
  cp310-abi3-manylinux_2_25_aarch64
  cp310-abi3-manylinux_2_24_aarch64
  cp310-abi3-manylinux_2_23_aarch64
  cp310-abi3-manylinux_2_22_aarch64
  cp310-abi3-manylinux_2_21_aarch64
  cp310-abi3-manylinux_2_20_aarch64
  cp310-abi3-manylinux_2_19_aarch64
  cp310-abi3-manylinux_2_18_aarch64
  cp310-abi3-manylinux_2_17_aarch64
  cp310-abi3-manylinux2014_aarch64
  cp310-abi3-linux_aarch64
  cp310-none-manylinux_2_36_aarch64
  cp310-none-manylinux_2_35_aarch64
  cp310-none-manylinux_2_34_aarch64
  cp310-none-manylinux_2_33_aarch64
  cp310-none-manylinux_2_32_aarch64
  cp310-none-manylinux_2_31_aarch64
  cp310-none-manylinux_2_30_aarch64
  cp310-none-manylinux_2_29_aarch64
  cp310-none-manylinux_2_28_aarch64
  cp310-none-manylinux_2_27_aarch64
  cp310-none-manylinux_2_26_aarch64
  cp310-none-manylinux_2_25_aarch64
  cp310-none-manylinux_2_24_aarch64
  cp310-none-manylinux_2_23_aarch64
  cp310-none-manylinux_2_22_aarch64
  cp310-none-manylinux_2_21_aarch64
  cp310-none-manylinux_2_20_aarch64
  cp310-none-manylinux_2_19_aarch64
  cp310-none-manylinux_2_18_aarch64
  cp310-none-manylinux_2_17_aarch64
  cp310-none-manylinux2014_aarch64
  cp310-none-linux_aarch64
  cp39-abi3-manylinux_2_36_aarch64
  cp39-abi3-manylinux_2_35_aarch64
  cp39-abi3-manylinux_2_34_aarch64
  cp39-abi3-manylinux_2_33_aarch64
  cp39-abi3-manylinux_2_32_aarch64
  cp39-abi3-manylinux_2_31_aarch64
  cp39-abi3-manylinux_2_30_aarch64
  cp39-abi3-manylinux_2_29_aarch64
  cp39-abi3-manylinux_2_28_aarch64
  cp39-abi3-manylinux_2_27_aarch64
  cp39-abi3-manylinux_2_26_aarch64
  cp39-abi3-manylinux_2_25_aarch64
  cp39-abi3-manylinux_2_24_aarch64
  cp39-abi3-manylinux_2_23_aarch64
  cp39-abi3-manylinux_2_22_aarch64
  cp39-abi3-manylinux_2_21_aarch64
  cp39-abi3-manylinux_2_20_aarch64
  cp39-abi3-manylinux_2_19_aarch64
  cp39-abi3-manylinux_2_18_aarch64
  cp39-abi3-manylinux_2_17_aarch64
  cp39-abi3-manylinux2014_aarch64
  cp39-abi3-linux_aarch64
  cp38-abi3-manylinux_2_36_aarch64
  cp38-abi3-manylinux_2_35_aarch64
  cp38-abi3-manylinux_2_34_aarch64
  cp38-abi3-manylinux_2_33_aarch64
  cp38-abi3-manylinux_2_32_aarch64
  cp38-abi3-manylinux_2_31_aarch64
  cp38-abi3-manylinux_2_30_aarch64
  cp38-abi3-manylinux_2_29_aarch64
  cp38-abi3-manylinux_2_28_aarch64
  cp38-abi3-manylinux_2_27_aarch64
  cp38-abi3-manylinux_2_26_aarch64
  cp38-abi3-manylinux_2_25_aarch64
  cp38-abi3-manylinux_2_24_aarch64
  cp38-abi3-manylinux_2_23_aarch64
  cp38-abi3-manylinux_2_22_aarch64
  cp38-abi3-manylinux_2_21_aarch64
  cp38-abi3-manylinux_2_20_aarch64
  cp38-abi3-manylinux_2_19_aarch64
  cp38-abi3-manylinux_2_18_aarch64
  cp38-abi3-manylinux_2_17_aarch64
  cp38-abi3-manylinux2014_aarch64
  cp38-abi3-linux_aarch64
  cp37-abi3-manylinux_2_36_aarch64
  cp37-abi3-manylinux_2_35_aarch64
  cp37-abi3-manylinux_2_34_aarch64
  cp37-abi3-manylinux_2_33_aarch64
  cp37-abi3-manylinux_2_32_aarch64
  cp37-abi3-manylinux_2_31_aarch64
  cp37-abi3-manylinux_2_30_aarch64
  cp37-abi3-manylinux_2_29_aarch64
  cp37-abi3-manylinux_2_28_aarch64
  cp37-abi3-manylinux_2_27_aarch64
  cp37-abi3-manylinux_2_26_aarch64
  cp37-abi3-manylinux_2_25_aarch64
  cp37-abi3-manylinux_2_24_aarch64
  cp37-abi3-manylinux_2_23_aarch64
  cp37-abi3-manylinux_2_22_aarch64
  cp37-abi3-manylinux_2_21_aarch64
  cp37-abi3-manylinux_2_20_aarch64
  cp37-abi3-manylinux_2_19_aarch64
  cp37-abi3-manylinux_2_18_aarch64
  cp37-abi3-manylinux_2_17_aarch64
  cp37-abi3-manylinux2014_aarch64
  cp37-abi3-linux_aarch64
  cp36-abi3-manylinux_2_36_aarch64
  cp36-abi3-manylinux_2_35_aarch64
  cp36-abi3-manylinux_2_34_aarch64
  cp36-abi3-manylinux_2_33_aarch64
  cp36-abi3-manylinux_2_32_aarch64
  cp36-abi3-manylinux_2_31_aarch64
  cp36-abi3-manylinux_2_30_aarch64
  cp36-abi3-manylinux_2_29_aarch64
  cp36-abi3-manylinux_2_28_aarch64
  cp36-abi3-manylinux_2_27_aarch64
  cp36-abi3-manylinux_2_26_aarch64
  cp36-abi3-manylinux_2_25_aarch64
  cp36-abi3-manylinux_2_24_aarch64
  cp36-abi3-manylinux_2_23_aarch64
  cp36-abi3-manylinux_2_22_aarch64
  cp36-abi3-manylinux_2_21_aarch64
  cp36-abi3-manylinux_2_20_aarch64
  cp36-abi3-manylinux_2_19_aarch64
  cp36-abi3-manylinux_2_18_aarch64
  cp36-abi3-manylinux_2_17_aarch64
  cp36-abi3-manylinux2014_aarch64
  cp36-abi3-linux_aarch64
  cp35-abi3-manylinux_2_36_aarch64
  cp35-abi3-manylinux_2_35_aarch64
  cp35-abi3-manylinux_2_34_aarch64
  cp35-abi3-manylinux_2_33_aarch64
  cp35-abi3-manylinux_2_32_aarch64
  cp35-abi3-manylinux_2_31_aarch64
  cp35-abi3-manylinux_2_30_aarch64
  cp35-abi3-manylinux_2_29_aarch64
  cp35-abi3-manylinux_2_28_aarch64
  cp35-abi3-manylinux_2_27_aarch64
  cp35-abi3-manylinux_2_26_aarch64
  cp35-abi3-manylinux_2_25_aarch64
  cp35-abi3-manylinux_2_24_aarch64
  cp35-abi3-manylinux_2_23_aarch64
  cp35-abi3-manylinux_2_22_aarch64
  cp35-abi3-manylinux_2_21_aarch64
  cp35-abi3-manylinux_2_20_aarch64
  cp35-abi3-manylinux_2_19_aarch64
  cp35-abi3-manylinux_2_18_aarch64
  cp35-abi3-manylinux_2_17_aarch64
  cp35-abi3-manylinux2014_aarch64
  cp35-abi3-linux_aarch64
  cp34-abi3-manylinux_2_36_aarch64
  cp34-abi3-manylinux_2_35_aarch64
  cp34-abi3-manylinux_2_34_aarch64
  cp34-abi3-manylinux_2_33_aarch64
  cp34-abi3-manylinux_2_32_aarch64
  cp34-abi3-manylinux_2_31_aarch64
  cp34-abi3-manylinux_2_30_aarch64
  cp34-abi3-manylinux_2_29_aarch64
  cp34-abi3-manylinux_2_28_aarch64
  cp34-abi3-manylinux_2_27_aarch64
  cp34-abi3-manylinux_2_26_aarch64
  cp34-abi3-manylinux_2_25_aarch64
  cp34-abi3-manylinux_2_24_aarch64
  cp34-abi3-manylinux_2_23_aarch64
  cp34-abi3-manylinux_2_22_aarch64
  cp34-abi3-manylinux_2_21_aarch64
  cp34-abi3-manylinux_2_20_aarch64
  cp34-abi3-manylinux_2_19_aarch64
  cp34-abi3-manylinux_2_18_aarch64
  cp34-abi3-manylinux_2_17_aarch64
  cp34-abi3-manylinux2014_aarch64
  cp34-abi3-linux_aarch64
  cp33-abi3-manylinux_2_36_aarch64
  cp33-abi3-manylinux_2_35_aarch64
  cp33-abi3-manylinux_2_34_aarch64
  cp33-abi3-manylinux_2_33_aarch64
  cp33-abi3-manylinux_2_32_aarch64
  cp33-abi3-manylinux_2_31_aarch64
  cp33-abi3-manylinux_2_30_aarch64
  cp33-abi3-manylinux_2_29_aarch64
  cp33-abi3-manylinux_2_28_aarch64
  cp33-abi3-manylinux_2_27_aarch64
  cp33-abi3-manylinux_2_26_aarch64
  cp33-abi3-manylinux_2_25_aarch64
  cp33-abi3-manylinux_2_24_aarch64
  cp33-abi3-manylinux_2_23_aarch64
  cp33-abi3-manylinux_2_22_aarch64
  cp33-abi3-manylinux_2_21_aarch64
  cp33-abi3-manylinux_2_20_aarch64
  cp33-abi3-manylinux_2_19_aarch64
  cp33-abi3-manylinux_2_18_aarch64
  cp33-abi3-manylinux_2_17_aarch64
  cp33-abi3-manylinux2014_aarch64
  cp33-abi3-linux_aarch64
  cp32-abi3-manylinux_2_36_aarch64
  cp32-abi3-manylinux_2_35_aarch64
  cp32-abi3-manylinux_2_34_aarch64
  cp32-abi3-manylinux_2_33_aarch64
  cp32-abi3-manylinux_2_32_aarch64
  cp32-abi3-manylinux_2_31_aarch64
  cp32-abi3-manylinux_2_30_aarch64
  cp32-abi3-manylinux_2_29_aarch64
  cp32-abi3-manylinux_2_28_aarch64
  cp32-abi3-manylinux_2_27_aarch64
  cp32-abi3-manylinux_2_26_aarch64
  cp32-abi3-manylinux_2_25_aarch64
  cp32-abi3-manylinux_2_24_aarch64
  cp32-abi3-manylinux_2_23_aarch64
  cp32-abi3-manylinux_2_22_aarch64
  cp32-abi3-manylinux_2_21_aarch64
  cp32-abi3-manylinux_2_20_aarch64
  cp32-abi3-manylinux_2_19_aarch64
  cp32-abi3-manylinux_2_18_aarch64
  cp32-abi3-manylinux_2_17_aarch64
  cp32-abi3-manylinux2014_aarch64
  cp32-abi3-linux_aarch64
  py310-none-manylinux_2_36_aarch64
  py310-none-manylinux_2_35_aarch64
  py310-none-manylinux_2_34_aarch64
  py310-none-manylinux_2_33_aarch64
  py310-none-manylinux_2_32_aarch64
  py310-none-manylinux_2_31_aarch64
  py310-none-manylinux_2_30_aarch64
  py310-none-manylinux_2_29_aarch64
  py310-none-manylinux_2_28_aarch64
  py310-none-manylinux_2_27_aarch64
  py310-none-manylinux_2_26_aarch64
  py310-none-manylinux_2_25_aarch64
  py310-none-manylinux_2_24_aarch64
  py310-none-manylinux_2_23_aarch64
  py310-none-manylinux_2_22_aarch64
  py310-none-manylinux_2_21_aarch64
  py310-none-manylinux_2_20_aarch64
  py310-none-manylinux_2_19_aarch64
  py310-none-manylinux_2_18_aarch64
  py310-none-manylinux_2_17_aarch64
  py310-none-manylinux2014_aarch64
  py310-none-linux_aarch64
  py3-none-manylinux_2_36_aarch64
  py3-none-manylinux_2_35_aarch64
  py3-none-manylinux_2_34_aarch64
  py3-none-manylinux_2_33_aarch64
  py3-none-manylinux_2_32_aarch64
  py3-none-manylinux_2_31_aarch64
  py3-none-manylinux_2_30_aarch64
  py3-none-manylinux_2_29_aarch64
  py3-none-manylinux_2_28_aarch64
  py3-none-manylinux_2_27_aarch64
  py3-none-manylinux_2_26_aarch64
  py3-none-manylinux_2_25_aarch64
  py3-none-manylinux_2_24_aarch64
  py3-none-manylinux_2_23_aarch64
  py3-none-manylinux_2_22_aarch64
  py3-none-manylinux_2_21_aarch64
  py3-none-manylinux_2_20_aarch64
  py3-none-manylinux_2_19_aarch64
  py3-none-manylinux_2_18_aarch64
  py3-none-manylinux_2_17_aarch64
  py3-none-manylinux2014_aarch64
  py3-none-linux_aarch64
  py39-none-manylinux_2_36_aarch64
  py39-none-manylinux_2_35_aarch64
  py39-none-manylinux_2_34_aarch64
  py39-none-manylinux_2_33_aarch64
  py39-none-manylinux_2_32_aarch64
  py39-none-manylinux_2_31_aarch64
  py39-none-manylinux_2_30_aarch64
  py39-none-manylinux_2_29_aarch64
  py39-none-manylinux_2_28_aarch64
  py39-none-manylinux_2_27_aarch64
  py39-none-manylinux_2_26_aarch64
  py39-none-manylinux_2_25_aarch64
  py39-none-manylinux_2_24_aarch64
  py39-none-manylinux_2_23_aarch64
  py39-none-manylinux_2_22_aarch64
  py39-none-manylinux_2_21_aarch64
  py39-none-manylinux_2_20_aarch64
  py39-none-manylinux_2_19_aarch64
  py39-none-manylinux_2_18_aarch64
  py39-none-manylinux_2_17_aarch64
  py39-none-manylinux2014_aarch64
  py39-none-linux_aarch64
  py38-none-manylinux_2_36_aarch64
  py38-none-manylinux_2_35_aarch64
  py38-none-manylinux_2_34_aarch64
  py38-none-manylinux_2_33_aarch64
  py38-none-manylinux_2_32_aarch64
  py38-none-manylinux_2_31_aarch64
  py38-none-manylinux_2_30_aarch64
  py38-none-manylinux_2_29_aarch64
  py38-none-manylinux_2_28_aarch64
  py38-none-manylinux_2_27_aarch64
  py38-none-manylinux_2_26_aarch64
  py38-none-manylinux_2_25_aarch64
  py38-none-manylinux_2_24_aarch64
  py38-none-manylinux_2_23_aarch64
  py38-none-manylinux_2_22_aarch64
  py38-none-manylinux_2_21_aarch64
  py38-none-manylinux_2_20_aarch64
  py38-none-manylinux_2_19_aarch64
  py38-none-manylinux_2_18_aarch64
  py38-none-manylinux_2_17_aarch64
  py38-none-manylinux2014_aarch64
  py38-none-linux_aarch64
  py37-none-manylinux_2_36_aarch64
  py37-none-manylinux_2_35_aarch64
  py37-none-manylinux_2_34_aarch64
  py37-none-manylinux_2_33_aarch64
  py37-none-manylinux_2_32_aarch64
  py37-none-manylinux_2_31_aarch64
  py37-none-manylinux_2_30_aarch64
  py37-none-manylinux_2_29_aarch64
  py37-none-manylinux_2_28_aarch64
  py37-none-manylinux_2_27_aarch64
  py37-none-manylinux_2_26_aarch64
  py37-none-manylinux_2_25_aarch64
  py37-none-manylinux_2_24_aarch64
  py37-none-manylinux_2_23_aarch64
  py37-none-manylinux_2_22_aarch64
  py37-none-manylinux_2_21_aarch64
  py37-none-manylinux_2_20_aarch64
  py37-none-manylinux_2_19_aarch64
  py37-none-manylinux_2_18_aarch64
  py37-none-manylinux_2_17_aarch64
  py37-none-manylinux2014_aarch64
  py37-none-linux_aarch64
  py36-none-manylinux_2_36_aarch64
  py36-none-manylinux_2_35_aarch64
  py36-none-manylinux_2_34_aarch64
  py36-none-manylinux_2_33_aarch64
  py36-none-manylinux_2_32_aarch64
  py36-none-manylinux_2_31_aarch64
  py36-none-manylinux_2_30_aarch64
  py36-none-manylinux_2_29_aarch64
  py36-none-manylinux_2_28_aarch64
  py36-none-manylinux_2_27_aarch64
  py36-none-manylinux_2_26_aarch64
  py36-none-manylinux_2_25_aarch64
  py36-none-manylinux_2_24_aarch64
  py36-none-manylinux_2_23_aarch64
  py36-none-manylinux_2_22_aarch64
  py36-none-manylinux_2_21_aarch64
  py36-none-manylinux_2_20_aarch64
  py36-none-manylinux_2_19_aarch64
  py36-none-manylinux_2_18_aarch64
  py36-none-manylinux_2_17_aarch64
  py36-none-manylinux2014_aarch64
  py36-none-linux_aarch64
  py35-none-manylinux_2_36_aarch64
  py35-none-manylinux_2_35_aarch64
  py35-none-manylinux_2_34_aarch64
  py35-none-manylinux_2_33_aarch64
  py35-none-manylinux_2_32_aarch64
  py35-none-manylinux_2_31_aarch64
  py35-none-manylinux_2_30_aarch64
  py35-none-manylinux_2_29_aarch64
  py35-none-manylinux_2_28_aarch64
  py35-none-manylinux_2_27_aarch64
  py35-none-manylinux_2_26_aarch64
  py35-none-manylinux_2_25_aarch64
  py35-none-manylinux_2_24_aarch64
  py35-none-manylinux_2_23_aarch64
  py35-none-manylinux_2_22_aarch64
  py35-none-manylinux_2_21_aarch64
  py35-none-manylinux_2_20_aarch64
  py35-none-manylinux_2_19_aarch64
  py35-none-manylinux_2_18_aarch64
  py35-none-manylinux_2_17_aarch64
  py35-none-manylinux2014_aarch64
  py35-none-linux_aarch64
  py34-none-manylinux_2_36_aarch64
  py34-none-manylinux_2_35_aarch64
  py34-none-manylinux_2_34_aarch64
  py34-none-manylinux_2_33_aarch64
  py34-none-manylinux_2_32_aarch64
  py34-none-manylinux_2_31_aarch64
  py34-none-manylinux_2_30_aarch64
  py34-none-manylinux_2_29_aarch64
  py34-none-manylinux_2_28_aarch64
  py34-none-manylinux_2_27_aarch64
  py34-none-manylinux_2_26_aarch64
  py34-none-manylinux_2_25_aarch64
  py34-none-manylinux_2_24_aarch64
  py34-none-manylinux_2_23_aarch64
  py34-none-manylinux_2_22_aarch64
  py34-none-manylinux_2_21_aarch64
  py34-none-manylinux_2_20_aarch64
  py34-none-manylinux_2_19_aarch64
  py34-none-manylinux_2_18_aarch64
  py34-none-manylinux_2_17_aarch64
  py34-none-manylinux2014_aarch64
  py34-none-linux_aarch64
  py33-none-manylinux_2_36_aarch64
  py33-none-manylinux_2_35_aarch64
  py33-none-manylinux_2_34_aarch64
  py33-none-manylinux_2_33_aarch64
  py33-none-manylinux_2_32_aarch64
  py33-none-manylinux_2_31_aarch64
  py33-none-manylinux_2_30_aarch64
  py33-none-manylinux_2_29_aarch64
  py33-none-manylinux_2_28_aarch64
  py33-none-manylinux_2_27_aarch64
  py33-none-manylinux_2_26_aarch64
  py33-none-manylinux_2_25_aarch64
  py33-none-manylinux_2_24_aarch64
  py33-none-manylinux_2_23_aarch64
  py33-none-manylinux_2_22_aarch64
  py33-none-manylinux_2_21_aarch64
  py33-none-manylinux_2_20_aarch64
  py33-none-manylinux_2_19_aarch64
  py33-none-manylinux_2_18_aarch64
  py33-none-manylinux_2_17_aarch64
  py33-none-manylinux2014_aarch64
  py33-none-linux_aarch64
  py32-none-manylinux_2_36_aarch64
  py32-none-manylinux_2_35_aarch64
  py32-none-manylinux_2_34_aarch64
  py32-none-manylinux_2_33_aarch64
  py32-none-manylinux_2_32_aarch64
  py32-none-manylinux_2_31_aarch64
  py32-none-manylinux_2_30_aarch64
  py32-none-manylinux_2_29_aarch64
  py32-none-manylinux_2_28_aarch64
  py32-none-manylinux_2_27_aarch64
  py32-none-manylinux_2_26_aarch64
  py32-none-manylinux_2_25_aarch64
  py32-none-manylinux_2_24_aarch64
  py32-none-manylinux_2_23_aarch64
  py32-none-manylinux_2_22_aarch64
  py32-none-manylinux_2_21_aarch64
  py32-none-manylinux_2_20_aarch64
  py32-none-manylinux_2_19_aarch64
  py32-none-manylinux_2_18_aarch64
  py32-none-manylinux_2_17_aarch64
  py32-none-manylinux2014_aarch64
  py32-none-linux_aarch64
  py31-none-manylinux_2_36_aarch64
  py31-none-manylinux_2_35_aarch64
  py31-none-manylinux_2_34_aarch64
  py31-none-manylinux_2_33_aarch64
  py31-none-manylinux_2_32_aarch64
  py31-none-manylinux_2_31_aarch64
  py31-none-manylinux_2_30_aarch64
  py31-none-manylinux_2_29_aarch64
  py31-none-manylinux_2_28_aarch64
  py31-none-manylinux_2_27_aarch64
  py31-none-manylinux_2_26_aarch64
  py31-none-manylinux_2_25_aarch64
  py31-none-manylinux_2_24_aarch64
  py31-none-manylinux_2_23_aarch64
  py31-none-manylinux_2_22_aarch64
  py31-none-manylinux_2_21_aarch64
  py31-none-manylinux_2_20_aarch64
  py31-none-manylinux_2_19_aarch64
  py31-none-manylinux_2_18_aarch64
  py31-none-manylinux_2_17_aarch64
  py31-none-manylinux2014_aarch64
  py31-none-linux_aarch64
  py30-none-manylinux_2_36_aarch64
  py30-none-manylinux_2_35_aarch64
  py30-none-manylinux_2_34_aarch64
  py30-none-manylinux_2_33_aarch64
  py30-none-manylinux_2_32_aarch64
  py30-none-manylinux_2_31_aarch64
  py30-none-manylinux_2_30_aarch64
  py30-none-manylinux_2_29_aarch64
  py30-none-manylinux_2_28_aarch64
  py30-none-manylinux_2_27_aarch64
  py30-none-manylinux_2_26_aarch64
  py30-none-manylinux_2_25_aarch64
  py30-none-manylinux_2_24_aarch64
  py30-none-manylinux_2_23_aarch64
  py30-none-manylinux_2_22_aarch64
  py30-none-manylinux_2_21_aarch64
  py30-none-manylinux_2_20_aarch64
  py30-none-manylinux_2_19_aarch64
  py30-none-manylinux_2_18_aarch64
  py30-none-manylinux_2_17_aarch64
  py30-none-manylinux2014_aarch64
  py30-none-linux_aarch64
  cp310-none-any
  py310-none-any
  py3-none-any
  py39-none-any
  py38-none-any
  py37-none-any
  py36-none-any
  py35-none-any
  py34-none-any
  py33-none-any
  py32-none-any
  py31-none-any
  py30-none-any
