pip version: pip 24.2 from /Users/aschaffer/work/personal/PyPI-Dependency-Graph/.venv/lib/python3.12/site-packages/pip (python 3.12)
sys.version: 3.12.6 (main, Sep  9 2024, 21:36:32) [Clang 18.1.8 ]
sys.executable: /Users/aschaffer/work/personal/PyPI-Dependency-Graph/.venv/bin/python
sys.getdefaultencoding: utf-8
sys.getfilesystemencoding: utf-8
locale.getpreferredencoding: UTF-8
sys.platform: darwin
sys.implementation:
  name: cpython
'cert' config value: Not specified
REQUESTS_CA_BUNDLE: None
CURL_CA_BUNDLE: None
pip._vendor.certifi.where(): /Users/aschaffer/work/personal/PyPI-Dependency-Graph/.venv/lib/python3.12/site-packages/pip/_vendor/certifi/cacert.pem
pip._vendor.DEBUNDLED: False
vendored library versions:
  CacheControl==0.14.0
  distlib==0.3.8
  distro==1.9.0
  msgpack==1.0.8
  packaging==24.1
  platformdirs==4.2.2
  pyproject-hooks==1.0.0
  requests==2.32.3
  certifi==2024.07.04
  idna==3.7
  urllib3==1.26.18
  rich==13.7.1 (Unable to locate actual module version, using vendor.txt specified version)
  pygments==2.18.0
  typing_extensions==4.12.2 (Unable to locate actual module version, using vendor.txt specified version)
  resolvelib==1.0.1
  setuptools==70.3.0 (Unable to locate actual module version, using vendor.txt specified version)
  tomli==2.0.1
  truststore==0.9.1
Compatible tags: 582
  cp312-cp312-macosx_14_0_arm64
  cp312-cp312-macosx_14_0_universal2
  cp312-cp312-macosx_13_0_arm64
  cp312-cp312-macosx_13_0_universal2
  cp312-cp312-macosx_12_0_arm64
  cp312-cp312-macosx_12_0_universal2
  cp312-cp312-macosx_11_0_arm64
  cp312-cp312-macosx_11_0_universal2
  cp312-cp312-macosx_10_16_universal2
  cp312-cp312-macosx_10_15_universal2
  cp312-cp312-macosx_10_14_universal2
  cp312-cp312-macosx_10_13_universal2
  cp312-cp312-macosx_10_12_universal2
  cp312-cp312-macosx_10_11_universal2
  cp312-cp312-macosx_10_10_universal2
  cp312-cp312-macosx_10_9_universal2
  cp312-cp312-macosx_10_8_universal2
  cp312-cp312-macosx_10_7_universal2
  cp312-cp312-macosx_10_6_universal2
  cp312-cp312-macosx_10_5_universal2
  cp312-cp312-macosx_10_4_universal2
  cp312-abi3-macosx_14_0_arm64
  cp312-abi3-macosx_14_0_universal2
  cp312-abi3-macosx_13_0_arm64
  cp312-abi3-macosx_13_0_universal2
  cp312-abi3-macosx_12_0_arm64
  cp312-abi3-macosx_12_0_universal2
  cp312-abi3-macosx_11_0_arm64
  cp312-abi3-macosx_11_0_universal2
  cp312-abi3-macosx_10_16_universal2
  cp312-abi3-macosx_10_15_universal2
  cp312-abi3-macosx_10_14_universal2
  cp312-abi3-macosx_10_13_universal2
  cp312-abi3-macosx_10_12_universal2
  cp312-abi3-macosx_10_11_universal2
  cp312-abi3-macosx_10_10_universal2
  cp312-abi3-macosx_10_9_universal2
  cp312-abi3-macosx_10_8_universal2
  cp312-abi3-macosx_10_7_universal2
  cp312-abi3-macosx_10_6_universal2
  cp312-abi3-macosx_10_5_universal2
  cp312-abi3-macosx_10_4_universal2
  cp312-none-macosx_14_0_arm64
  cp312-none-macosx_14_0_universal2
  cp312-none-macosx_13_0_arm64
  cp312-none-macosx_13_0_universal2
  cp312-none-macosx_12_0_arm64
  cp312-none-macosx_12_0_universal2
  cp312-none-macosx_11_0_arm64
  cp312-none-macosx_11_0_universal2
  cp312-none-macosx_10_16_universal2
  cp312-none-macosx_10_15_universal2
  cp312-none-macosx_10_14_universal2
  cp312-none-macosx_10_13_universal2
  cp312-none-macosx_10_12_universal2
  cp312-none-macosx_10_11_universal2
  cp312-none-macosx_10_10_universal2
  cp312-none-macosx_10_9_universal2
  cp312-none-macosx_10_8_universal2
  cp312-none-macosx_10_7_universal2
  cp312-none-macosx_10_6_universal2
  cp312-none-macosx_10_5_universal2
  cp312-none-macosx_10_4_universal2
  cp311-abi3-macosx_14_0_arm64
  cp311-abi3-macosx_14_0_universal2
  cp311-abi3-macosx_13_0_arm64
  cp311-abi3-macosx_13_0_universal2
  cp311-abi3-macosx_12_0_arm64
  cp311-abi3-macosx_12_0_universal2
  cp311-abi3-macosx_11_0_arm64
  cp311-abi3-macosx_11_0_universal2
  cp311-abi3-macosx_10_16_universal2
  cp311-abi3-macosx_10_15_universal2
  cp311-abi3-macosx_10_14_universal2
  cp311-abi3-macosx_10_13_universal2
  cp311-abi3-macosx_10_12_universal2
  cp311-abi3-macosx_10_11_universal2
  cp311-abi3-macosx_10_10_universal2
  cp311-abi3-macosx_10_9_universal2
  cp311-abi3-macosx_10_8_universal2
  cp311-abi3-macosx_10_7_universal2
  cp311-abi3-macosx_10_6_universal2
  cp311-abi3-macosx_10_5_universal2
  cp311-abi3-macosx_10_4_universal2
  cp310-abi3-macosx_14_0_arm64
  cp310-abi3-macosx_14_0_universal2
  cp310-abi3-macosx_13_0_arm64
  cp310-abi3-macosx_13_0_universal2
  cp310-abi3-macosx_12_0_arm64
  cp310-abi3-macosx_12_0_universal2
  cp310-abi3-macosx_11_0_arm64
  cp310-abi3-macosx_11_0_universal2
  cp310-abi3-macosx_10_16_universal2
  cp310-abi3-macosx_10_15_universal2
  cp310-abi3-macosx_10_14_universal2
  cp310-abi3-macosx_10_13_universal2
  cp310-abi3-macosx_10_12_universal2
  cp310-abi3-macosx_10_11_universal2
  cp310-abi3-macosx_10_10_universal2
  cp310-abi3-macosx_10_9_universal2
  cp310-abi3-macosx_10_8_universal2
  cp310-abi3-macosx_10_7_universal2
  cp310-abi3-macosx_10_6_universal2
  cp310-abi3-macosx_10_5_universal2
  cp310-abi3-macosx_10_4_universal2
  cp39-abi3-macosx_14_0_arm64
  cp39-abi3-macosx_14_0_universal2
  cp39-abi3-macosx_13_0_arm64
  cp39-abi3-macosx_13_0_universal2
  cp39-abi3-macosx_12_0_arm64
  cp39-abi3-macosx_12_0_universal2
  cp39-abi3-macosx_11_0_arm64
  cp39-abi3-macosx_11_0_universal2
  cp39-abi3-macosx_10_16_universal2
  cp39-abi3-macosx_10_15_universal2
  cp39-abi3-macosx_10_14_universal2
  cp39-abi3-macosx_10_13_universal2
  cp39-abi3-macosx_10_12_universal2
  cp39-abi3-macosx_10_11_universal2
  cp39-abi3-macosx_10_10_universal2
  cp39-abi3-macosx_10_9_universal2
  cp39-abi3-macosx_10_8_universal2
  cp39-abi3-macosx_10_7_universal2
  cp39-abi3-macosx_10_6_universal2
  cp39-abi3-macosx_10_5_universal2
  cp39-abi3-macosx_10_4_universal2
  cp38-abi3-macosx_14_0_arm64
  cp38-abi3-macosx_14_0_universal2
  cp38-abi3-macosx_13_0_arm64
  cp38-abi3-macosx_13_0_universal2
  cp38-abi3-macosx_12_0_arm64
  cp38-abi3-macosx_12_0_universal2
  cp38-abi3-macosx_11_0_arm64
  cp38-abi3-macosx_11_0_universal2
  cp38-abi3-macosx_10_16_universal2
  cp38-abi3-macosx_10_15_universal2
  cp38-abi3-macosx_10_14_universal2
  cp38-abi3-macosx_10_13_universal2
  cp38-abi3-macosx_10_12_universal2
  cp38-abi3-macosx_10_11_universal2
  cp38-abi3-macosx_10_10_universal2
  cp38-abi3-macosx_10_9_universal2
  cp38-abi3-macosx_10_8_universal2
  cp38-abi3-macosx_10_7_universal2
  cp38-abi3-macosx_10_6_universal2
  cp38-abi3-macosx_10_5_universal2
  cp38-abi3-macosx_10_4_universal2
  cp37-abi3-macosx_14_0_arm64
  cp37-abi3-macosx_14_0_universal2
  cp37-abi3-macosx_13_0_arm64
  cp37-abi3-macosx_13_0_universal2
  cp37-abi3-macosx_12_0_arm64
  cp37-abi3-macosx_12_0_universal2
  cp37-abi3-macosx_11_0_arm64
  cp37-abi3-macosx_11_0_universal2
  cp37-abi3-macosx_10_16_universal2
  cp37-abi3-macosx_10_15_universal2
  cp37-abi3-macosx_10_14_universal2
  cp37-abi3-macosx_10_13_universal2
  cp37-abi3-macosx_10_12_universal2
  cp37-abi3-macosx_10_11_universal2
  cp37-abi3-macosx_10_10_universal2
  cp37-abi3-macosx_10_9_universal2
  cp37-abi3-macosx_10_8_universal2
  cp37-abi3-macosx_10_7_universal2
  cp37-abi3-macosx_10_6_universal2
  cp37-abi3-macosx_10_5_universal2
  cp37-abi3-macosx_10_4_universal2
  cp36-abi3-macosx_14_0_arm64
  cp36-abi3-macosx_14_0_universal2
  cp36-abi3-macosx_13_0_arm64
  cp36-abi3-macosx_13_0_universal2
  cp36-abi3-macosx_12_0_arm64
  cp36-abi3-macosx_12_0_universal2
  cp36-abi3-macosx_11_0_arm64
  cp36-abi3-macosx_11_0_universal2
  cp36-abi3-macosx_10_16_universal2
  cp36-abi3-macosx_10_15_universal2
  cp36-abi3-macosx_10_14_universal2
  cp36-abi3-macosx_10_13_universal2
  cp36-abi3-macosx_10_12_universal2
  cp36-abi3-macosx_10_11_universal2
  cp36-abi3-macosx_10_10_universal2
  cp36-abi3-macosx_10_9_universal2
  cp36-abi3-macosx_10_8_universal2
  cp36-abi3-macosx_10_7_universal2
  cp36-abi3-macosx_10_6_universal2
  cp36-abi3-macosx_10_5_universal2
  cp36-abi3-macosx_10_4_universal2
  cp35-abi3-macosx_14_0_arm64
  cp35-abi3-macosx_14_0_universal2
  cp35-abi3-macosx_13_0_arm64
  cp35-abi3-macosx_13_0_universal2
  cp35-abi3-macosx_12_0_arm64
  cp35-abi3-macosx_12_0_universal2
  cp35-abi3-macosx_11_0_arm64
  cp35-abi3-macosx_11_0_universal2
  cp35-abi3-macosx_10_16_universal2
  cp35-abi3-macosx_10_15_universal2
  cp35-abi3-macosx_10_14_universal2
  cp35-abi3-macosx_10_13_universal2
  cp35-abi3-macosx_10_12_universal2
  cp35-abi3-macosx_10_11_universal2
  cp35-abi3-macosx_10_10_universal2
  cp35-abi3-macosx_10_9_universal2
  cp35-abi3-macosx_10_8_universal2
  cp35-abi3-macosx_10_7_universal2
  cp35-abi3-macosx_10_6_universal2
  cp35-abi3-macosx_10_5_universal2
  cp35-abi3-macosx_10_4_universal2
  cp34-abi3-macosx_14_0_arm64
  cp34-abi3-macosx_14_0_universal2
  cp34-abi3-macosx_13_0_arm64
  cp34-abi3-macosx_13_0_universal2
  cp34-abi3-macosx_12_0_arm64
  cp34-abi3-macosx_12_0_universal2
  cp34-abi3-macosx_11_0_arm64
  cp34-abi3-macosx_11_0_universal2
  cp34-abi3-macosx_10_16_universal2
  cp34-abi3-macosx_10_15_universal2
  cp34-abi3-macosx_10_14_universal2
  cp34-abi3-macosx_10_13_universal2
  cp34-abi3-macosx_10_12_universal2
  cp34-abi3-macosx_10_11_universal2
  cp34-abi3-macosx_10_10_universal2
  cp34-abi3-macosx_10_9_universal2
  cp34-abi3-macosx_10_8_universal2
  cp34-abi3-macosx_10_7_universal2
  cp34-abi3-macosx_10_6_universal2
  cp34-abi3-macosx_10_5_universal2
  cp34-abi3-macosx_10_4_universal2
  cp33-abi3-macosx_14_0_arm64
  cp33-abi3-macosx_14_0_universal2
  cp33-abi3-macosx_13_0_arm64
  cp33-abi3-macosx_13_0_universal2
  cp33-abi3-macosx_12_0_arm64
  cp33-abi3-macosx_12_0_universal2
  cp33-abi3-macosx_11_0_arm64
  cp33-abi3-macosx_11_0_universal2
  cp33-abi3-macosx_10_16_universal2
  cp33-abi3-macosx_10_15_universal2
  cp33-abi3-macosx_10_14_universal2
  cp33-abi3-macosx_10_13_universal2
  cp33-abi3-macosx_10_12_universal2
  cp33-abi3-macosx_10_11_universal2
  cp33-abi3-macosx_10_10_universal2
  cp33-abi3-macosx_10_9_universal2
  cp33-abi3-macosx_10_8_universal2
  cp33-abi3-macosx_10_7_universal2
  cp33-abi3-macosx_10_6_universal2
  cp33-abi3-macosx_10_5_universal2
  cp33-abi3-macosx_10_4_universal2
  cp32-abi3-macosx_14_0_arm64
  cp32-abi3-macosx_14_0_universal2
  cp32-abi3-macosx_13_0_arm64
  cp32-abi3-macosx_13_0_universal2
  cp32-abi3-macosx_12_0_arm64
  cp32-abi3-macosx_12_0_universal2
  cp32-abi3-macosx_11_0_arm64
  cp32-abi3-macosx_11_0_universal2
  cp32-abi3-macosx_10_16_universal2
  cp32-abi3-macosx_10_15_universal2
  cp32-abi3-macosx_10_14_universal2
  cp32-abi3-macosx_10_13_universal2
  cp32-abi3-macosx_10_12_universal2
  cp32-abi3-macosx_10_11_universal2
  cp32-abi3-macosx_10_10_universal2
  cp32-abi3-macosx_10_9_universal2
  cp32-abi3-macosx_10_8_universal2
  cp32-abi3-macosx_10_7_universal2
  cp32-abi3-macosx_10_6_universal2
  cp32-abi3-macosx_10_5_universal2
  cp32-abi3-macosx_10_4_universal2
  py312-none-macosx_14_0_arm64
  py312-none-macosx_14_0_universal2
  py312-none-macosx_13_0_arm64
  py312-none-macosx_13_0_universal2
  py312-none-macosx_12_0_arm64
  py312-none-macosx_12_0_universal2
  py312-none-macosx_11_0_arm64
  py312-none-macosx_11_0_universal2
  py312-none-macosx_10_16_universal2
  py312-none-macosx_10_15_universal2
  py312-none-macosx_10_14_universal2
  py312-none-macosx_10_13_universal2
  py312-none-macosx_10_12_universal2
  py312-none-macosx_10_11_universal2
  py312-none-macosx_10_10_universal2
  py312-none-macosx_10_9_universal2
  py312-none-macosx_10_8_universal2
  py312-none-macosx_10_7_universal2
  py312-none-macosx_10_6_universal2
  py312-none-macosx_10_5_universal2
  py312-none-macosx_10_4_universal2
  py3-none-macosx_14_0_arm64
  py3-none-macosx_14_0_universal2
  py3-none-macosx_13_0_arm64
  py3-none-macosx_13_0_universal2
  py3-none-macosx_12_0_arm64
  py3-none-macosx_12_0_universal2
  py3-none-macosx_11_0_arm64
  py3-none-macosx_11_0_universal2
  py3-none-macosx_10_16_universal2
  py3-none-macosx_10_15_universal2
  py3-none-macosx_10_14_universal2
  py3-none-macosx_10_13_universal2
  py3-none-macosx_10_12_universal2
  py3-none-macosx_10_11_universal2
  py3-none-macosx_10_10_universal2
  py3-none-macosx_10_9_universal2
  py3-none-macosx_10_8_universal2
  py3-none-macosx_10_7_universal2
  py3-none-macosx_10_6_universal2
  py3-none-macosx_10_5_universal2
  py3-none-macosx_10_4_universal2
  py311-none-macosx_14_0_arm64
  py311-none-macosx_14_0_universal2
  py311-none-macosx_13_0_arm64
  py311-none-macosx_13_0_universal2
  py311-none-macosx_12_0_arm64
  py311-none-macosx_12_0_universal2
  py311-none-macosx_11_0_arm64
  py311-none-macosx_11_0_universal2
  py311-none-macosx_10_16_universal2
  py311-none-macosx_10_15_universal2
  py311-none-macosx_10_14_universal2
  py311-none-macosx_10_13_universal2
  py311-none-macosx_10_12_universal2
  py311-none-macosx_10_11_universal2
  py311-none-macosx_10_10_universal2
  py311-none-macosx_10_9_universal2
  py311-none-macosx_10_8_universal2
  py311-none-macosx_10_7_universal2
  py311-none-macosx_10_6_universal2
  py311-none-macosx_10_5_universal2
  py311-none-macosx_10_4_universal2
  py310-none-macosx_14_0_arm64
  py310-none-macosx_14_0_universal2
  py310-none-macosx_13_0_arm64
  py310-none-macosx_13_0_universal2
  py310-none-macosx_12_0_arm64
  py310-none-macosx_12_0_universal2
  py310-none-macosx_11_0_arm64
  py310-none-macosx_11_0_universal2
  py310-none-macosx_10_16_universal2
  py310-none-macosx_10_15_universal2
  py310-none-macosx_10_14_universal2
  py310-none-macosx_10_13_universal2
  py310-none-macosx_10_12_universal2
  py310-none-macosx_10_11_universal2
  py310-none-macosx_10_10_universal2
  py310-none-macosx_10_9_universal2
  py310-none-macosx_10_8_universal2
  py310-none-macosx_10_7_universal2
  py310-none-macosx_10_6_universal2
  py310-none-macosx_10_5_universal2
  py310-none-macosx_10_4_universal2
  py39-none-macosx_14_0_arm64
  py39-none-macosx_14_0_universal2
  py39-none-macosx_13_0_arm64
  py39-none-macosx_13_0_universal2
  py39-none-macosx_12_0_arm64
  py39-none-macosx_12_0_universal2
  py39-none-macosx_11_0_arm64
  py39-none-macosx_11_0_universal2
  py39-none-macosx_10_16_universal2
  py39-none-macosx_10_15_universal2
  py39-none-macosx_10_14_universal2
  py39-none-macosx_10_13_universal2
  py39-none-macosx_10_12_universal2
  py39-none-macosx_10_11_universal2
  py39-none-macosx_10_10_universal2
  py39-none-macosx_10_9_universal2
  py39-none-macosx_10_8_universal2
  py39-none-macosx_10_7_universal2
  py39-none-macosx_10_6_universal2
  py39-none-macosx_10_5_universal2
  py39-none-macosx_10_4_universal2
  py38-none-macosx_14_0_arm64
  py38-none-macosx_14_0_universal2
  py38-none-macosx_13_0_arm64
  py38-none-macosx_13_0_universal2
  py38-none-macosx_12_0_arm64
  py38-none-macosx_12_0_universal2
  py38-none-macosx_11_0_arm64
  py38-none-macosx_11_0_universal2
  py38-none-macosx_10_16_universal2
  py38-none-macosx_10_15_universal2
  py38-none-macosx_10_14_universal2
  py38-none-macosx_10_13_universal2
  py38-none-macosx_10_12_universal2
  py38-none-macosx_10_11_universal2
  py38-none-macosx_10_10_universal2
  py38-none-macosx_10_9_universal2
  py38-none-macosx_10_8_universal2
  py38-none-macosx_10_7_universal2
  py38-none-macosx_10_6_universal2
  py38-none-macosx_10_5_universal2
  py38-none-macosx_10_4_universal2
  py37-none-macosx_14_0_arm64
  py37-none-macosx_14_0_universal2
  py37-none-macosx_13_0_arm64
  py37-none-macosx_13_0_universal2
  py37-none-macosx_12_0_arm64
  py37-none-macosx_12_0_universal2
  py37-none-macosx_11_0_arm64
  py37-none-macosx_11_0_universal2
  py37-none-macosx_10_16_universal2
  py37-none-macosx_10_15_universal2
  py37-none-macosx_10_14_universal2
  py37-none-macosx_10_13_universal2
  py37-none-macosx_10_12_universal2
  py37-none-macosx_10_11_universal2
  py37-none-macosx_10_10_universal2
  py37-none-macosx_10_9_universal2
  py37-none-macosx_10_8_universal2
  py37-none-macosx_10_7_universal2
  py37-none-macosx_10_6_universal2
  py37-none-macosx_10_5_universal2
  py37-none-macosx_10_4_universal2
  py36-none-macosx_14_0_arm64
  py36-none-macosx_14_0_universal2
  py36-none-macosx_13_0_arm64
  py36-none-macosx_13_0_universal2
  py36-none-macosx_12_0_arm64
  py36-none-macosx_12_0_universal2
  py36-none-macosx_11_0_arm64
  py36-none-macosx_11_0_universal2
  py36-none-macosx_10_16_universal2
  py36-none-macosx_10_15_universal2
  py36-none-macosx_10_14_universal2
  py36-none-macosx_10_13_universal2
  py36-none-macosx_10_12_universal2
  py36-none-macosx_10_11_universal2
  py36-none-macosx_10_10_universal2
  py36-none-macosx_10_9_universal2
  py36-none-macosx_10_8_universal2
  py36-none-macosx_10_7_universal2
  py36-none-macosx_10_6_universal2
  py36-none-macosx_10_5_universal2
  py36-none-macosx_10_4_universal2
  py35-none-macosx_14_0_arm64
  py35-none-macosx_14_0_universal2
  py35-none-macosx_13_0_arm64
  py35-none-macosx_13_0_universal2
  py35-none-macosx_12_0_arm64
  py35-none-macosx_12_0_universal2
  py35-none-macosx_11_0_arm64
  py35-none-macosx_11_0_universal2
  py35-none-macosx_10_16_universal2
  py35-none-macosx_10_15_universal2
  py35-none-macosx_10_14_universal2
  py35-none-macosx_10_13_universal2
  py35-none-macosx_10_12_universal2
  py35-none-macosx_10_11_universal2
  py35-none-macosx_10_10_universal2
  py35-none-macosx_10_9_universal2
  py35-none-macosx_10_8_universal2
  py35-none-macosx_10_7_universal2
  py35-none-macosx_10_6_universal2
  py35-none-macosx_10_5_universal2
  py35-none-macosx_10_4_universal2
  py34-none-macosx_14_0_arm64
  py34-none-macosx_14_0_universal2
  py34-none-macosx_13_0_arm64
  py34-none-macosx_13_0_universal2
  py34-none-macosx_12_0_arm64
  py34-none-macosx_12_0_universal2
  py34-none-macosx_11_0_arm64
  py34-none-macosx_11_0_universal2
  py34-none-macosx_10_16_universal2
  py34-none-macosx_10_15_universal2
  py34-none-macosx_10_14_universal2
  py34-none-macosx_10_13_universal2
  py34-none-macosx_10_12_universal2
  py34-none-macosx_10_11_universal2
  py34-none-macosx_10_10_universal2
  py34-none-macosx_10_9_universal2
  py34-none-macosx_10_8_universal2
  py34-none-macosx_10_7_universal2
  py34-none-macosx_10_6_universal2
  py34-none-macosx_10_5_universal2
  py34-none-macosx_10_4_universal2
  py33-none-macosx_14_0_arm64
  py33-none-macosx_14_0_universal2
  py33-none-macosx_13_0_arm64
  py33-none-macosx_13_0_universal2
  py33-none-macosx_12_0_arm64
  py33-none-macosx_12_0_universal2
  py33-none-macosx_11_0_arm64
  py33-none-macosx_11_0_universal2
  py33-none-macosx_10_16_universal2
  py33-none-macosx_10_15_universal2
  py33-none-macosx_10_14_universal2
  py33-none-macosx_10_13_universal2
  py33-none-macosx_10_12_universal2
  py33-none-macosx_10_11_universal2
  py33-none-macosx_10_10_universal2
  py33-none-macosx_10_9_universal2
  py33-none-macosx_10_8_universal2
  py33-none-macosx_10_7_universal2
  py33-none-macosx_10_6_universal2
  py33-none-macosx_10_5_universal2
  py33-none-macosx_10_4_universal2
  py32-none-macosx_14_0_arm64
  py32-none-macosx_14_0_universal2
  py32-none-macosx_13_0_arm64
  py32-none-macosx_13_0_universal2
  py32-none-macosx_12_0_arm64
  py32-none-macosx_12_0_universal2
  py32-none-macosx_11_0_arm64
  py32-none-macosx_11_0_universal2
  py32-none-macosx_10_16_universal2
  py32-none-macosx_10_15_universal2
  py32-none-macosx_10_14_universal2
  py32-none-macosx_10_13_universal2
  py32-none-macosx_10_12_universal2
  py32-none-macosx_10_11_universal2
  py32-none-macosx_10_10_universal2
  py32-none-macosx_10_9_universal2
  py32-none-macosx_10_8_universal2
  py32-none-macosx_10_7_universal2
  py32-none-macosx_10_6_universal2
  py32-none-macosx_10_5_universal2
  py32-none-macosx_10_4_universal2
  py31-none-macosx_14_0_arm64
  py31-none-macosx_14_0_universal2
  py31-none-macosx_13_0_arm64
  py31-none-macosx_13_0_universal2
  py31-none-macosx_12_0_arm64
  py31-none-macosx_12_0_universal2
  py31-none-macosx_11_0_arm64
  py31-none-macosx_11_0_universal2
  py31-none-macosx_10_16_universal2
  py31-none-macosx_10_15_universal2
  py31-none-macosx_10_14_universal2
  py31-none-macosx_10_13_universal2
  py31-none-macosx_10_12_universal2
  py31-none-macosx_10_11_universal2
  py31-none-macosx_10_10_universal2
  py31-none-macosx_10_9_universal2
  py31-none-macosx_10_8_universal2
  py31-none-macosx_10_7_universal2
  py31-none-macosx_10_6_universal2
  py31-none-macosx_10_5_universal2
  py31-none-macosx_10_4_universal2
  py30-none-macosx_14_0_arm64
  py30-none-macosx_14_0_universal2
  py30-none-macosx_13_0_arm64
  py30-none-macosx_13_0_universal2
  py30-none-macosx_12_0_arm64
  py30-none-macosx_12_0_universal2
  py30-none-macosx_11_0_arm64
  py30-none-macosx_11_0_universal2
  py30-none-macosx_10_16_universal2
  py30-none-macosx_10_15_universal2
  py30-none-macosx_10_14_universal2
  py30-none-macosx_10_13_universal2
  py30-none-macosx_10_12_universal2
  py30-none-macosx_10_11_universal2
  py30-none-macosx_10_10_universal2
  py30-none-macosx_10_9_universal2
  py30-none-macosx_10_8_universal2
  py30-none-macosx_10_7_universal2
  py30-none-macosx_10_6_universal2
  py30-none-macosx_10_5_universal2
  py30-none-macosx_10_4_universal2
  cp312-none-any
  py312-none-any
  py3-none-any
  py311-none-any
  py310-none-any
  py39-none-any
  py38-none-any
  py37-none-any
  py36-none-any
  py35-none-any
  py34-none-any
  py33-none-any
  py32-none-any
  py31-none-any
  py30-none-any
  